This is pdfTeX, Version 3.14159265-2.6-1.40.17 (TeX Live 2016) (preloaded format=pdflatex 2017.4.19)  16 MAR 2019 16:38
entering extended mode
 restricted \write18 enabled.
 %&-line parsing enabled.
**/Users/ricard/thesis/ricard_thesis/Chapter2/mofa.tex
(/Users/ricard/thesis/ricard_thesis/Chapter2/mofa.tex
LaTeX2e <2016/03/31>
Babel <3.9r> and hyphenation patterns for 83 language(s) loaded.
! Undefined control sequence.
l.6 \section
            {Multi-Omics Factor Analysis: a framework for unsupervised integ...

? 
! Emergency stop.
l.6 \section
            {Multi-Omics Factor Analysis: a framework for unsupervised integ...
End of file on the terminal!

 
Here is how much of TeX's memory you used:
 6 strings out of 493014
 245 string characters out of 6133351
 53601 words of memory out of 5000000
 3648 multiletter control sequences out of 15000+600000
 3640 words of font info for 14 fonts, out of 8000000 for 9000
 1141 hyphenation exceptions out of 8191
 5i,0n,1p,159b,8s stack positions out of 5000i,500n,10000p,200000b,80000s
!  ==> Fatal error occurred, no output PDF file produced!
