\BOOKMARK [1][]{section.0.1}{\376\377\0000\000.\0001\000\040\000T\000h\000e\000o\000r\000e\000t\000i\000c\000a\000l\000\040\000f\000o\000u\000n\000d\000a\000t\000i\000o\000n\000s}{}% 1
\BOOKMARK [1][]{section.0.2}{\376\377\0000\000.\0002\000\040\000P\000r\000o\000b\000a\000b\000i\000l\000i\000s\000t\000i\000c\000\040\000m\000o\000d\000e\000l\000l\000i\000n\000g}{}% 2
\BOOKMARK [2][]{subsection.0.2.1}{\376\377\0000\000.\0002\000.\0001\000\040\000M\000a\000x\000i\000m\000u\000m\000\040\000l\000i\000k\000e\000l\000i\000h\000o\000o\000d\000\040\000i\000n\000f\000e\000r\000e\000n\000c\000e}{section.0.2}% 3
\BOOKMARK [2][]{subsection.0.2.2}{\376\377\0000\000.\0002\000.\0002\000\040\000B\000a\000y\000e\000s\000i\000a\000n\000\040\000i\000n\000f\000e\000r\000e\000n\000c\000e}{section.0.2}% 4
\BOOKMARK [2][]{subsection.0.2.3}{\376\377\0000\000.\0002\000.\0003\000\040\000D\000e\000t\000e\000r\000m\000i\000n\000i\000s\000t\000i\000c\000\040\000a\000p\000p\000r\000o\000a\000c\000h\000e\000s\000\040\000f\000o\000r\000\040\000B\000a\000y\000e\000s\000i\000a\000n\000\040\000i\000n\000f\000e\000r\000e\000n\000c\000e}{section.0.2}% 5
\BOOKMARK [3][]{subsubsection.0.2.3.1}{\376\377\0000\000.\0002\000.\0003\000.\0001\000\040\000L\000a\000p\000l\000a\000c\000e\000\040\000a\000p\000p\000r\000o\000x\000i\000m\000a\000t\000i\000o\000n}{subsection.0.2.3}% 6
\BOOKMARK [2][]{subsection.0.2.4}{\376\377\0000\000.\0002\000.\0004\000\040\000V\000a\000r\000i\000a\000t\000i\000o\000n\000a\000l\000\040\000i\000n\000f\000e\000r\000e\000n\000c\000e}{section.0.2}% 7
\BOOKMARK [3][]{subsubsection.0.2.4.1}{\376\377\0000\000.\0002\000.\0004\000.\0001\000\040\000M\000e\000a\000n\000-\000f\000i\000e\000l\000d\000\040\000v\000a\000r\000i\000a\000t\000i\000o\000n\000a\000l\000\040\000i\000n\000f\000e\000r\000e\000n\000c\000e}{subsection.0.2.4}% 8
\BOOKMARK [3][]{subsubsection.0.2.4.2}{\376\377\0000\000.\0002\000.\0004\000.\0002\000\040\000F\000i\000x\000e\000d\000-\000f\000o\000r\000m\000\040\000v\000a\000r\000i\000a\000t\000i\000o\000n\000a\000l\000\040\000i\000n\000f\000e\000r\000e\000n\000c\000e}{subsection.0.2.4}% 9
\BOOKMARK [2][]{subsection.0.2.5}{\376\377\0000\000.\0002\000.\0005\000\040\000E\000x\000p\000e\000c\000t\000a\000t\000i\000o\000n\000\040\000P\000r\000o\000p\000a\000g\000a\000t\000i\000o\000n}{section.0.2}% 10
\BOOKMARK [3][]{subsubsection.0.2.5.1}{\376\377\0000\000.\0002\000.\0005\000.\0001\000\040\000C\000o\000n\000c\000l\000u\000s\000i\000o\000n\000s}{subsection.0.2.5}% 11
\BOOKMARK [1][]{section.0.3}{\376\377\0000\000.\0003\000\040\000G\000r\000a\000p\000h\000i\000c\000a\000l\000\040\000n\000o\000t\000a\000t\000i\000o\000n\000s\000\040\000f\000o\000r\000\040\000p\000r\000o\000b\000a\000b\000i\000l\000i\000s\000t\000i\000c\000\040\000m\000o\000d\000e\000l\000s}{}% 12
\BOOKMARK [1][]{section.0.4}{\376\377\0000\000.\0004\000\040\000L\000a\000t\000e\000n\000t\000\040\000v\000a\000r\000i\000a\000b\000l\000e\000\040\000m\000o\000d\000e\000l\000s\000\040\000f\000o\000r\000\040\000g\000e\000n\000o\000m\000i\000c\000s}{}% 13
\BOOKMARK [2][]{subsection.0.4.1}{\376\377\0000\000.\0004\000.\0001\000\040\000G\000e\000n\000e\000r\000a\000l\000\040\000m\000a\000t\000h\000e\000m\000a\000t\000i\000c\000a\000l\000\040\000f\000o\000r\000m\000u\000l\000a\000t\000i\000o\000n}{section.0.4}% 14
\BOOKMARK [2][]{subsection.0.4.2}{\376\377\0000\000.\0004\000.\0002\000\040\000P\000r\000i\000n\000c\000i\000p\000a\000l\000\040\000c\000o\000m\000p\000o\000n\000e\000n\000t\000\040\000A\000n\000a\000l\000y\000s\000i\000s}{section.0.4}% 15
\BOOKMARK [2][]{subsection.0.4.3}{\376\377\0000\000.\0004\000.\0003\000\040\000P\000r\000o\000b\000a\000b\000i\000l\000i\000s\000t\000i\000c\000\040\000P\000r\000i\000n\000c\000i\000p\000a\000l\000\040\000C\000o\000m\000p\000o\000n\000e\000n\000t\000\040\000A\000n\000a\000l\000y\000s\000i\000s\000\040\000a\000n\000d\000\040\000F\000a\000c\000t\000o\000r\000\040\000A\000n\000a\000l\000y\000s\000i\000s}{section.0.4}% 16
\BOOKMARK [2][]{subsection.0.4.4}{\376\377\0000\000.\0004\000.\0004\000\040\000B\000a\000y\000e\000s\000i\000a\000n\000\040\000P\000r\000i\000n\000c\000i\000p\000a\000l\000\040\000C\000o\000m\000p\000o\000n\000e\000n\000t\000\040\000A\000n\000a\000l\000y\000s\000i\000s\000\040\000a\000n\000d\000\040\000B\000a\000y\000e\000s\000i\000a\000n\000\040\000F\000a\000c\000t\000o\000r\000\040\000A\000n\000a\000l\000y\000s\000i\000s}{section.0.4}% 17
\BOOKMARK [3][]{subsubsection.0.4.4.1}{\376\377\0000\000.\0004\000.\0004\000.\0001\000\040\000H\000i\000e\000r\000a\000r\000c\000h\000i\000c\000a\000l\000\040\000p\000r\000i\000o\000r\000s\000:\000\040\000A\000u\000t\000o\000m\000a\000t\000i\000c\000\040\000r\000e\000l\000e\000v\000a\000n\000c\000e\000\040\000d\000e\000t\000e\000r\000m\000i\000n\000a\000t\000i\000o\000n}{subsection.0.4.4}% 18
\BOOKMARK [3][]{subsubsection.0.4.4.2}{\376\377\0000\000.\0004\000.\0004\000.\0002\000\040\000H\000i\000e\000r\000a\000r\000c\000h\000i\000c\000a\000l\000\040\000p\000r\000i\000o\000r\000s\000:\000\040\000S\000p\000i\000k\000e\000-\000a\000n\000d\000-\000s\000l\000a\000b\000\040\000p\000r\000i\000o\000r}{subsection.0.4.4}% 19
\BOOKMARK [1][]{section.0.5}{\376\377\0000\000.\0005\000\040\000M\000u\000l\000t\000i\000-\000v\000i\000e\000w\000\040\000f\000a\000c\000t\000o\000r\000\040\000a\000n\000a\000l\000y\000s\000i\000s\000\040\000m\000o\000d\000e\000l\000s}{}% 20
\BOOKMARK [2][]{subsection.0.5.1}{\376\377\0000\000.\0005\000.\0001\000\040\000C\000a\000n\000o\000n\000i\000c\000a\000l\000\040\000C\000o\000r\000r\000e\000l\000a\000t\000i\000o\000n\000\040\000A\000n\000a\000l\000y\000s\000i\000s}{section.0.5}% 21
\BOOKMARK [2][]{subsection.0.5.2}{\376\377\0000\000.\0005\000.\0002\000\040\000P\000r\000o\000b\000a\000b\000i\000l\000i\000s\000t\000i\000c\000\040\000C\000a\000n\000o\000n\000i\000c\000a\000l\000\040\000C\000o\000r\000r\000e\000l\000a\000t\000i\000o\000n\000\040\000A\000n\000a\000l\000y\000s\000i\000s}{section.0.5}% 22
\BOOKMARK [2][]{subsection.0.5.3}{\376\377\0000\000.\0005\000.\0003\000\040\000B\000a\000y\000e\000s\000i\000a\000n\000\040\000C\000a\000n\000o\000n\000i\000c\000a\000l\000\040\000C\000o\000r\000r\000e\000l\000a\000t\000i\000o\000n\000\040\000A\000n\000a\000l\000y\000s\000i\000s}{section.0.5}% 23
\BOOKMARK [2][]{subsection.0.5.4}{\376\377\0000\000.\0005\000.\0004\000\040\000G\000r\000o\000u\000p\000\040\000F\000a\000c\000t\000o\000r\000\040\000A\000n\000a\000l\000y\000s\000i\000s}{section.0.5}% 24
\BOOKMARK [1][]{section.0.6}{\376\377\0000\000.\0006\000\040\000M\000u\000l\000t\000i\000-\000O\000m\000i\000c\000s\000\040\000F\000a\000c\000t\000o\000r\000\040\000A\000n\000a\000l\000y\000s\000i\000s}{}% 25
\BOOKMARK [2][]{subsection.0.6.1}{\376\377\0000\000.\0006\000.\0001\000\040\000M\000o\000d\000e\000l\000\040\000d\000e\000s\000c\000r\000i\000p\000t\000i\000o\000n}{section.0.6}% 26
\BOOKMARK [3][]{subsubsection.0.6.1.1}{\376\377\0000\000.\0006\000.\0001\000.\0001\000\040\000P\000r\000i\000o\000r\000\040\000d\000i\000s\000t\000r\000i\000b\000u\000t\000i\000o\000n\000s\000\040\000f\000o\000r\000\040\000t\000h\000e\000\040\000f\000a\000c\000t\000o\000r\000s}{subsection.0.6.1}% 27
\BOOKMARK [3][]{subsubsection.0.6.1.2}{\376\377\0000\000.\0006\000.\0001\000.\0002\000\040\000P\000r\000i\000o\000r\000\040\000d\000i\000s\000t\000r\000i\000b\000u\000t\000i\000o\000n\000s\000\040\000f\000o\000r\000\040\000t\000h\000e\000\040\000w\000e\000i\000g\000h\000t\000s}{subsection.0.6.1}% 28
\BOOKMARK [3][]{subsubsection.0.6.1.3}{\376\377\0000\000.\0006\000.\0001\000.\0003\000\040\000I\000n\000t\000e\000r\000p\000r\000e\000t\000a\000t\000i\000o\000n\000\040\000o\000f\000\040\000t\000h\000e\000\040\000f\000a\000c\000t\000o\000r\000s}{subsection.0.6.1}% 29
\BOOKMARK [3][]{subsubsection.0.6.1.4}{\376\377\0000\000.\0006\000.\0001\000.\0004\000\040\000I\000n\000t\000e\000r\000p\000r\000e\000t\000a\000t\000i\000o\000n\000\040\000o\000f\000\040\000t\000h\000e\000\040\000w\000e\000i\000g\000h\000t\000s}{subsection.0.6.1}% 30
\BOOKMARK [3][]{subsubsection.0.6.1.5}{\376\377\0000\000.\0006\000.\0001\000.\0005\000\040\000M\000i\000s\000s\000i\000n\000g\000\040\000v\000a\000l\000u\000e\000s}{subsection.0.6.1}% 31
\BOOKMARK [2][]{subsection.0.6.2}{\376\377\0000\000.\0006\000.\0002\000\040\000D\000o\000w\000n\000s\000t\000r\000e\000a\000m\000\040\000a\000n\000a\000l\000y\000s\000i\000s}{section.0.6}% 32
\BOOKMARK [3][]{subsubsection.0.6.2.1}{\376\377\0000\000.\0006\000.\0002\000.\0001\000\040\000I\000n\000f\000e\000r\000e\000n\000c\000e}{subsection.0.6.2}% 33
\BOOKMARK [2][]{subsection.0.6.3}{\376\377\0000\000.\0006\000.\0003\000\040\000M\000o\000d\000e\000l\000\040\000s\000e\000l\000e\000c\000t\000i\000o\000n\000\040\000a\000n\000d\000\040\000c\000o\000n\000s\000i\000s\000t\000e\000n\000c\000y\000\040\000a\000c\000r\000o\000s\000s\000\040\000r\000a\000n\000d\000o\000m\000\040\000i\000n\000i\000t\000i\000l\000i\000z\000a\000t\000i\000o\000n\000s}{section.0.6}% 34
\BOOKMARK [2][]{subsection.0.6.4}{\376\377\0000\000.\0006\000.\0004\000\040\000L\000e\000a\000r\000n\000i\000n\000g\000\040\000t\000h\000e\000\040\000n\000u\000m\000b\000e\000r\000\040\000o\000f\000\040\000f\000a\000c\000t\000o\000r\000s}{section.0.6}% 35
\BOOKMARK [2][]{subsection.0.6.5}{\376\377\0000\000.\0006\000.\0005\000\040\000M\000o\000n\000i\000t\000o\000r\000i\000n\000g\000\040\000c\000o\000n\000v\000e\000r\000g\000e\000n\000c\000e}{section.0.6}% 36
\BOOKMARK [2][]{subsection.0.6.6}{\376\377\0000\000.\0006\000.\0006\000\040\000M\000o\000d\000e\000l\000l\000i\000n\000g\000\040\000a\000n\000d\000\040\000i\000n\000f\000e\000r\000e\000n\000c\000e\000\040\000w\000i\000t\000h\000\040\000n\000o\000n\000-\000G\000a\000u\000s\000s\000i\000a\000n\000\040\000d\000a\000t\000a}{section.0.6}% 37
\BOOKMARK [2][]{subsection.0.6.7}{\376\377\0000\000.\0006\000.\0007\000\040\000M\000o\000d\000e\000l\000\040\000v\000a\000l\000i\000d\000a\000t\000i\000o\000n\000\040\000w\000i\000t\000h\000\040\000s\000i\000m\000u\000l\000a\000t\000e\000d\000\040\000d\000a\000t\000a}{section.0.6}% 38
\BOOKMARK [3][]{subsubsection.0.6.7.1}{\376\377\0000\000.\0006\000.\0007\000.\0001\000\040\000R\000e\000c\000o\000v\000e\000r\000y\000\040\000o\000f\000\040\000s\000i\000m\000u\000l\000a\000t\000e\000d\000\040\000f\000a\000c\000t\000o\000r\000s}{subsection.0.6.7}% 39
\BOOKMARK [3][]{subsubsection.0.6.7.2}{\376\377\0000\000.\0006\000.\0007\000.\0002\000\040\000V\000i\000e\000w\000-\000w\000i\000s\000e\000\040\000s\000p\000a\000r\000s\000i\000t\000y\000\040\000o\000n\000\040\000t\000h\000e\000\040\000w\000e\000i\000g\000h\000t\000s}{subsection.0.6.7}% 40
\BOOKMARK [3][]{subsubsection.0.6.7.3}{\376\377\0000\000.\0006\000.\0007\000.\0003\000\040\000F\000e\000a\000t\000u\000r\000e\000-\000w\000i\000s\000e\000\040\000s\000p\000a\000r\000s\000i\000t\000y\000\040\000o\000n\000\040\000t\000h\000e\000\040\000w\000e\000i\000g\000h\000t\000s}{subsection.0.6.7}% 41
\BOOKMARK [3][]{subsubsection.0.6.7.4}{\376\377\0000\000.\0006\000.\0007\000.\0004\000\040\000N\000o\000n\000-\000g\000a\000u\000s\000s\000i\000a\000n\000\040\000l\000i\000k\000e\000l\000i\000h\000o\000o\000d\000s}{subsection.0.6.7}% 42
\BOOKMARK [2][]{subsection.0.6.8}{\376\377\0000\000.\0006\000.\0008\000\040\000A\000p\000p\000l\000i\000c\000a\000t\000i\000o\000n\000\040\000t\000o\000\040\000c\000h\000r\000o\000n\000i\000c\000\040\000l\000y\000m\000p\000h\000o\000c\000y\000t\000i\000c\000\040\000l\000e\000u\000k\000a\000e\000m\000i\000a}{section.0.6}% 43
\BOOKMARK [3][]{subsubsection.0.6.8.1}{\376\377\0000\000.\0006\000.\0008\000.\0001\000\040\000D\000a\000t\000a\000\040\000o\000v\000e\000r\000v\000i\000e\000w\000\040\000a\000n\000d\000\040\000p\000r\000o\000c\000e\000s\000s\000i\000n\000g}{subsection.0.6.8}% 44
\BOOKMARK [3][]{subsubsection.0.6.8.2}{\376\377\0000\000.\0006\000.\0008\000.\0002\000\040\000M\000o\000d\000e\000l\000\040\000o\000v\000e\000r\000v\000i\000e\000w}{subsection.0.6.8}% 45
\BOOKMARK [3][]{subsubsection.0.6.8.3}{\376\377\0000\000.\0006\000.\0008\000.\0003\000\040\000M\000o\000l\000e\000c\000u\000l\000a\000r\000\040\000c\000h\000a\000r\000a\000c\000t\000e\000r\000i\000s\000a\000t\000i\000o\000n\000\040\000o\000f\000\040\000F\000a\000c\000t\000o\000r\000\040\0001}{subsection.0.6.8}% 46
\BOOKMARK [3][]{subsubsection.0.6.8.4}{\376\377\0000\000.\0006\000.\0008\000.\0004\000\040\000C\000h\000a\000r\000a\000c\000t\000e\000r\000i\000s\000a\000t\000i\000o\000n\000\040\000o\000f\000\040\000o\000t\000h\000e\000r\000\040\000F\000a\000c\000t\000o\000r\000s}{subsection.0.6.8}% 47
\BOOKMARK [3][]{subsubsection.0.6.8.5}{\376\377\0000\000.\0006\000.\0008\000.\0005\000\040\000P\000r\000e\000d\000i\000c\000t\000i\000o\000n\000\040\000o\000f\000\040\000c\000l\000i\000n\000i\000c\000a\000l\000\040\000o\000u\000t\000c\000o\000m\000e\000s}{subsection.0.6.8}% 48
\BOOKMARK [3][]{subsubsection.0.6.8.6}{\376\377\0000\000.\0006\000.\0008\000.\0006\000\040\000I\000m\000p\000u\000t\000a\000t\000i\000o\000n\000\040\000o\000f\000\040\000m\000i\000s\000s\000i\000n\000g\000\040\000v\000a\000l\000u\000e\000s}{subsection.0.6.8}% 49
\BOOKMARK [2][]{subsection.0.6.9}{\376\377\0000\000.\0006\000.\0009\000\040\000A\000p\000p\000l\000i\000c\000a\000t\000i\000o\000n\000\040\000t\000o\000\040\000s\000i\000n\000g\000l\000e\000-\000c\000e\000l\000l\000\040\000m\000u\000l\000t\000i\000-\000o\000m\000i\000c\000s}{section.0.6}% 50
\BOOKMARK [2][]{subsection.0.6.10}{\376\377\0000\000.\0006\000.\0001\0000\000\040\000D\000a\000t\000a\000\040\000p\000r\000o\000c\000e\000s\000s\000i\000n\000g}{section.0.6}% 51
\BOOKMARK [3][]{subsubsection.0.6.10.1}{\376\377\0000\000.\0006\000.\0001\0000\000.\0001\000\040\000M\000o\000d\000e\000l\000\040\000o\000v\000e\000r\000v\000i\000e\000w}{subsection.0.6.10}% 52
\BOOKMARK [2][]{subsection.0.6.11}{\376\377\0000\000.\0006\000.\0001\0001\000\040\000L\000i\000m\000i\000t\000a\000t\000i\000o\000n\000s\000\040\000a\000n\000d\000\040\000o\000p\000e\000n\000\040\000p\000e\000r\000s\000p\000e\000c\000t\000i\000v\000e\000s}{section.0.6}% 53
