This is pdfTeX, Version 3.14159265-2.6-1.40.17 (TeX Live 2016) (preloaded format=pdflatex 2017.4.19)  16 MAY 2019 11:07
entering extended mode
 restricted \write18 enabled.
 %&-line parsing enabled.
**dedication.tex
(./dedication.tex
LaTeX2e <2016/03/31>
Babel <3.9r> and hyphenation patterns for 83 language(s) loaded.

! LaTeX Error: Environment dedication undefined.

See the LaTeX manual or LaTeX Companion for explanation.
Type  H <return>  for immediate help.
 ...                                              
                                                  
l.3 \begin{dedication}
                      
Your command was ignored.
Type  I <command> <return>  to replace it with another command,
or  <return>  to continue without it.


! LaTeX Error: Missing \begin{document}.

See the LaTeX manual or LaTeX Companion for explanation.
Type  H <return>  for immediate help.
 ...                                              
                                                  
l.5 \begin{center}
                  
You're in trouble here.  Try typing  <return>  to proceed.
If that doesn't work, type  X <return>  to quit.


Overfull \hbox (20.0pt too wide) in paragraph at lines 5--5
[] 
 []

! Undefined control sequence.
<argument> ...of reading about the achievements\n 
                                                  of better men
l.6 ...ing about the achievements\n of better men}
                                                  
The control sequence at the end of the top line
of your error message was never \def'ed. If you have
misspelled it (e.g., `\hobx'), type `I' and the correct
spelling (e.g., `I\hbox'). Otherwise just continue,
and I'll forget about whatever was undefined.


Overfull \hbox (3.85553pt too wide) in paragraph at lines 6--7
 \OT1/cmr/m/it/10 I 
 []


Overfull \hbox (13.28882pt too wide) in paragraph at lines 6--7
 \OT1/cmr/m/it/10 am 
 []


Overfull \hbox (19.29427pt too wide) in paragraph at lines 6--7
 \OT1/cmr/m/it/10 tired 
 []


Overfull \hbox (8.17773pt too wide) in paragraph at lines 6--7
 \OT1/cmr/m/it/10 of 
 []


Overfull \hbox (21.59425pt too wide) in paragraph at lines 6--7
 \OT1/cmr/m/it/10 read- 
 []


Overfull \hbox (13.2888pt too wide) in paragraph at lines 6--7
 \OT1/cmr/m/it/10 ing 
 []


Overfull \hbox (22.99983pt too wide) in paragraph at lines 6--7
 \OT1/cmr/m/it/10 about 
 []


Overfull \hbox (13.03323pt too wide) in paragraph at lines 6--7
 \OT1/cmr/m/it/10 the 
 []


Overfull \hbox (35.2664pt too wide) in paragraph at lines 6--7
 \OT1/cmr/m/it/10 achieve- 
 []


Overfull \hbox (33.98868pt too wide) in paragraph at lines 6--7
 \OT1/cmr/m/it/10 mentsof 
 []


Overfull \hbox (15.58873pt too wide) in paragraph at lines 6--7
 \OT1/cmr/m/it/10 bet- 
 []


Overfull \hbox (12.13878pt too wide) in paragraph at lines 6--7
 \OT1/cmr/m/it/10 ter 
 []


Overfull \hbox (19.16702pt too wide) in paragraph at lines 6--7
 \OT1/cmr/m/it/10 men 
 []


Overfull \hbox (20.0pt too wide) in paragraph at lines 9--9
[] 
 []

Missing character: There is no S in font nullfont!
Missing character: There is no a in font nullfont!
Missing character: There is no m in font nullfont!
Missing character: There is no w in font nullfont!
Missing character: There is no e in font nullfont!
Missing character: There is no l in font nullfont!
Missing character: There is no l in font nullfont!
Missing character: There is no T in font nullfont!
Missing character: There is no a in font nullfont!
Missing character: There is no r in font nullfont!
Missing character: There is no l in font nullfont!
Missing character: There is no y in font nullfont!
! Undefined control sequence.
l.10 Samwell Tarly\n
                    
The control sequence at the end of the top line
of your error message was never \def'ed. If you have
misspelled it (e.g., `\hobx'), type `I' and the correct
spelling (e.g., `I\hbox'). Otherwise just continue,
and I'll forget about whatever was undefined.

Missing character: There is no ( in font nullfont!
Missing character: There is no G in font nullfont!
Missing character: There is no o in font nullfont!
Missing character: There is no T in font nullfont!
Missing character: There is no , in font nullfont!
Missing character: There is no S in font nullfont!
Missing character: There is no 0 in font nullfont!
Missing character: There is no 7 in font nullfont!
Missing character: There is no E in font nullfont!
Missing character: There is no 0 in font nullfont!
Missing character: There is no 5 in font nullfont!
Missing character: There is no ) in font nullfont!

! LaTeX Error: \begin{document} ended by \end{dedication}.

See the LaTeX manual or LaTeX Companion for explanation.
Type  H <return>  for immediate help.
 ...                                              
                                                  
l.14 \end{dedication}
                     
Your command was ignored.
Type  I <command> <return>  to replace it with another command,
or  <return>  to continue without it.

)
! Emergency stop.
<*> dedication.tex
                  
*** (job aborted, no legal \end found)

 
Here is how much of TeX's memory you used:
 10 strings out of 493014
 187 string characters out of 6133351
 53601 words of memory out of 5000000
 3652 multiletter control sequences out of 15000+600000
 3986 words of font info for 15 fonts, out of 8000000 for 9000
 1141 hyphenation exceptions out of 8191
 13i,1n,10p,102b,114s stack positions out of 5000i,500n,10000p,200000b,80000s
!  ==> Fatal error occurred, no output PDF file produced!
